build/app/intermediates/manifest_merge_blame_file/release/manifest-merger-blame-release-report.txt
1<?xml version="1.0" encoding="utf-8"?>
2<manifest xmlns:android="http://schemas.android.com/apk/res/android"
3    package="com.tapday.admin"
4    android:versionCode="1"
5    android:versionName="1.0.0" >
6
7    <uses-sdk
8        android:minSdkVersion="19"
8-->src/main/AndroidManifest.xml
9        android:targetSdkVersion="32" />
9-->src/main/AndroidManifest.xml
10
11    <uses-permission android:name="android.permission.ACCESS_NETWORK_STATE" />
11-->[:firebase_analytics] AndroidManifest.xml:9:5-79
11-->[:firebase_analytics] AndroidManifest.xml:9:22-76
12    <uses-permission android:name="android.permission.INTERNET" />
12-->[:firebase_analytics] AndroidManifest.xml:10:5-67
12-->[:firebase_analytics] AndroidManifest.xml:10:22-64
13    <uses-permission android:name="android.permission.WAKE_LOCK" /> <!-- Permissions options for the `notification` group -->
13-->[:firebase_analytics] AndroidManifest.xml:11:5-68
13-->[:firebase_analytics] AndroidManifest.xml:11:22-65
14    <uses-permission android:name="android.permission.POST_NOTIFICATIONS" />
14-->[:firebase_messaging] AndroidManifest.xml:13:5-77
14-->[:firebase_messaging] AndroidManifest.xml:13:22-74
15    <uses-permission android:name="android.permission.CAMERA" />
15-->[:flutter_barcode_scanner] AndroidManifest.xml:9:5-65
15-->[:flutter_barcode_scanner] AndroidManifest.xml:9:22-62
16
17    <uses-feature android:name="android.hardware.camera" />
17-->[:flutter_barcode_scanner] AndroidManifest.xml:11:5-60
17-->[:flutter_barcode_scanner] AndroidManifest.xml:11:19-57
18
19    <uses-permission android:name="android.permission.FLASHLIGHT" />
19-->[:flutter_barcode_scanner] AndroidManifest.xml:13:5-69
19-->[:flutter_barcode_scanner] AndroidManifest.xml:13:22-66
20    <uses-permission android:name="android.permission.RECEIVE_BOOT_COMPLETED" />
20-->[:flutter_local_notifications] AndroidManifest.xml:9:5-81
20-->[:flutter_local_notifications] AndroidManifest.xml:9:22-78
21    <uses-permission android:name="android.permission.VIBRATE" />
21-->[:flutter_local_notifications] AndroidManifest.xml:10:5-66
21-->[:flutter_local_notifications] AndroidManifest.xml:10:22-63
22    <uses-permission android:name="android.permission.USE_FULL_SCREEN_INTENT" />
22-->[:flutter_local_notifications] AndroidManifest.xml:11:5-81
22-->[:flutter_local_notifications] AndroidManifest.xml:11:22-78
23    <uses-permission android:name="android.permission.SCHEDULE_EXACT_ALARM" /> <!-- Required by older versions of Google Play services to create IID tokens -->
23-->[:flutter_local_notifications] AndroidManifest.xml:12:5-79
23-->[:flutter_local_notifications] AndroidManifest.xml:12:22-76
24    <uses-permission android:name="com.google.android.c2dm.permission.RECEIVE" />
24-->[com.google.firebase:firebase-iid:21.1.0] AndroidManifest.xml:26:5-82
24-->[com.google.firebase:firebase-iid:21.1.0] AndroidManifest.xml:26:22-79
25    <uses-permission android:name="com.google.android.gms.permission.AD_ID" />
25-->[com.google.android.gms:play-services-measurement-api:21.2.2] AndroidManifest.xml:25:5-79
25-->[com.google.android.gms:play-services-measurement-api:21.2.2] AndroidManifest.xml:25:22-76
26    <uses-permission android:name="com.google.android.finsky.permission.BIND_GET_INSTALL_REFERRER_SERVICE" />
26-->[com.google.android.gms:play-services-measurement:21.2.2] AndroidManifest.xml:26:5-110
26-->[com.google.android.gms:play-services-measurement:21.2.2] AndroidManifest.xml:26:22-107
27
28    <permission
28-->[androidx.core:core:1.10.1] AndroidManifest.xml:22:5-24:47
29        android:name="com.tapday.admin.DYNAMIC_RECEIVER_NOT_EXPORTED_PERMISSION"
29-->[androidx.core:core:1.10.1] AndroidManifest.xml:23:9-81
30        android:protectionLevel="signature" />
30-->[androidx.core:core:1.10.1] AndroidManifest.xml:24:9-44
31
32    <uses-permission android:name="com.tapday.admin.DYNAMIC_RECEIVER_NOT_EXPORTED_PERMISSION" />
32-->[androidx.core:core:1.10.1] AndroidManifest.xml:26:5-97
32-->[androidx.core:core:1.10.1] AndroidManifest.xml:26:22-94
33
34    <application
35        android:name="android.app.Application"
35-->src/main/AndroidManifest.xml:5:9-42
36        android:appComponentFactory="androidx.core.app.CoreComponentFactory"
36-->[androidx.core:core:1.10.1] AndroidManifest.xml:28:18-86
37        android:icon="@mipmap/ic_launcher"
37-->src/main/AndroidManifest.xml:6:9-43
38        android:label="Tapday"
38-->src/main/AndroidManifest.xml:4:9-31
39        android:largeHeap="true"
39-->[:flutter_barcode_scanner] AndroidManifest.xml:16:9-33
40        android:theme="@style/Theme.AppCompat.NoActionBar" >
40-->[:flutter_barcode_scanner] AndroidManifest.xml:17:9-59
41        <activity
41-->src/main/AndroidManifest.xml:7:9-27:20
42            android:name="com.example.tapify_admin.MainActivity"
42-->src/main/AndroidManifest.xml:8:13-41
43            android:configChanges="orientation|keyboardHidden|keyboard|screenSize|smallestScreenSize|locale|layoutDirection|fontScale|screenLayout|density|uiMode"
43-->src/main/AndroidManifest.xml:12:13-163
44            android:exported="true"
44-->src/main/AndroidManifest.xml:9:13-36
45            android:hardwareAccelerated="true"
45-->src/main/AndroidManifest.xml:13:13-47
46            android:launchMode="singleTop"
46-->src/main/AndroidManifest.xml:10:13-43
47            android:theme="@style/LaunchTheme"
47-->src/main/AndroidManifest.xml:11:13-47
48            android:windowSoftInputMode="adjustResize" >
48-->src/main/AndroidManifest.xml:14:13-55
49
50            <!--
51                 Specifies an Android theme to apply to this Activity as soon as
52                 the Android process has started. This theme is visible to the user
53                 while the Flutter UI initializes. After that, this theme continues
54                 to determine the Window background behind the Flutter UI.
55            -->
56            <meta-data
56-->src/main/AndroidManifest.xml:19:13-22:17
57                android:name="io.flutter.embedding.android.NormalTheme"
57-->src/main/AndroidManifest.xml:20:15-70
58                android:resource="@style/NormalTheme" />
58-->src/main/AndroidManifest.xml:21:15-52
59
60            <intent-filter>
60-->src/main/AndroidManifest.xml:23:13-26:29
61                <action android:name="android.intent.action.MAIN" />
61-->src/main/AndroidManifest.xml:24:17-68
61-->src/main/AndroidManifest.xml:24:25-66
62
63                <category android:name="android.intent.category.LAUNCHER" />
63-->src/main/AndroidManifest.xml:25:17-76
63-->src/main/AndroidManifest.xml:25:27-74
64            </intent-filter>
65        </activity>
66        <!--
67             Don't delete the meta-data below.
68             This is used by the Flutter tool to generate GeneratedPluginRegistrant.java
69        -->
70        <meta-data
70-->src/main/AndroidManifest.xml:30:9-32:33
71            android:name="flutterEmbedding"
71-->src/main/AndroidManifest.xml:31:13-44
72            android:value="2" />
72-->src/main/AndroidManifest.xml:32:13-30
73
74        <service
74-->[:firebase_analytics] AndroidManifest.xml:14:9-18:19
75            android:name="com.google.firebase.components.ComponentDiscoveryService"
75-->[:firebase_analytics] AndroidManifest.xml:14:18-89
76            android:directBootAware="true"
76-->[com.google.firebase:firebase-common:20.3.2] AndroidManifest.xml:34:13-43
77            android:exported="false" >
77-->[com.google.firebase:firebase-iid:21.1.0] AndroidManifest.xml:31:13-37
78            <meta-data
78-->[:firebase_analytics] AndroidManifest.xml:15:13-17:85
79                android:name="com.google.firebase.components:io.flutter.plugins.firebase.analytics.FlutterFirebaseAppRegistrar"
79-->[:firebase_analytics] AndroidManifest.xml:16:17-128
80                android:value="com.google.firebase.components.ComponentRegistrar" />
80-->[:firebase_analytics] AndroidManifest.xml:17:17-82
81            <meta-data
81-->[:firebase_messaging] AndroidManifest.xml:38:13-40:85
82                android:name="com.google.firebase.components:io.flutter.plugins.firebase.messaging.FlutterFirebaseAppRegistrar"
82-->[:firebase_messaging] AndroidManifest.xml:39:17-128
83                android:value="com.google.firebase.components.ComponentRegistrar" />
83-->[:firebase_messaging] AndroidManifest.xml:40:17-82
84            <meta-data
84-->[:firebase_core] AndroidManifest.xml:11:13-13:85
85                android:name="com.google.firebase.components:io.flutter.plugins.firebase.core.FlutterFirebaseCoreRegistrar"
85-->[:firebase_core] AndroidManifest.xml:12:17-124
86                android:value="com.google.firebase.components.ComponentRegistrar" />
86-->[:firebase_core] AndroidManifest.xml:13:17-82
87            <meta-data
87-->[com.google.firebase:firebase-iid:21.1.0] AndroidManifest.xml:32:13-34:85
88                android:name="com.google.firebase.components:com.google.firebase.iid.Registrar"
88-->[com.google.firebase:firebase-iid:21.1.0] AndroidManifest.xml:33:17-96
89                android:value="com.google.firebase.components.ComponentRegistrar" />
89-->[com.google.firebase:firebase-iid:21.1.0] AndroidManifest.xml:34:17-82
90            <meta-data
90-->[com.google.firebase:firebase-messaging:23.1.2] AndroidManifest.xml:55:13-57:85
91                android:name="com.google.firebase.components:com.google.firebase.messaging.FirebaseMessagingRegistrar"
91-->[com.google.firebase:firebase-messaging:23.1.2] AndroidManifest.xml:56:17-119
92                android:value="com.google.firebase.components.ComponentRegistrar" />
92-->[com.google.firebase:firebase-messaging:23.1.2] AndroidManifest.xml:57:17-82
93            <meta-data
93-->[com.google.android.gms:play-services-measurement-api:21.2.2] AndroidManifest.xml:31:13-33:85
94                android:name="com.google.firebase.components:com.google.firebase.analytics.connector.internal.AnalyticsConnectorRegistrar"
94-->[com.google.android.gms:play-services-measurement-api:21.2.2] AndroidManifest.xml:32:17-139
95                android:value="com.google.firebase.components.ComponentRegistrar" />
95-->[com.google.android.gms:play-services-measurement-api:21.2.2] AndroidManifest.xml:33:17-82
96            <meta-data
96-->[com.google.firebase:firebase-installations:17.1.3] AndroidManifest.xml:17:13-19:85
97                android:name="com.google.firebase.components:com.google.firebase.installations.FirebaseInstallationsRegistrar"
97-->[com.google.firebase:firebase-installations:17.1.3] AndroidManifest.xml:18:17-127
98                android:value="com.google.firebase.components.ComponentRegistrar" />
98-->[com.google.firebase:firebase-installations:17.1.3] AndroidManifest.xml:19:17-82
99            <meta-data
99-->[com.google.firebase:firebase-datatransport:18.1.7] AndroidManifest.xml:27:13-29:85
100                android:name="com.google.firebase.components:com.google.firebase.datatransport.TransportRegistrar"
100-->[com.google.firebase:firebase-datatransport:18.1.7] AndroidManifest.xml:28:17-115
101                android:value="com.google.firebase.components.ComponentRegistrar" />
101-->[com.google.firebase:firebase-datatransport:18.1.7] AndroidManifest.xml:29:17-82
102        </service>
103        <service
103-->[:firebase_messaging] AndroidManifest.xml:16:9-19:72
104            android:name="io.flutter.plugins.firebase.messaging.FlutterFirebaseMessagingBackgroundService"
104-->[:firebase_messaging] AndroidManifest.xml:17:13-107
105            android:exported="false"
105-->[:firebase_messaging] AndroidManifest.xml:18:13-37
106            android:permission="android.permission.BIND_JOB_SERVICE" />
106-->[:firebase_messaging] AndroidManifest.xml:19:13-69
107        <service
107-->[:firebase_messaging] AndroidManifest.xml:20:9-26:19
108            android:name="io.flutter.plugins.firebase.messaging.FlutterFirebaseMessagingService"
108-->[:firebase_messaging] AndroidManifest.xml:21:13-97
109            android:exported="false" >
109-->[:firebase_messaging] AndroidManifest.xml:22:13-37
110            <intent-filter>
110-->[:firebase_messaging] AndroidManifest.xml:23:13-25:29
111                <action android:name="com.google.firebase.MESSAGING_EVENT" />
111-->[:firebase_messaging] AndroidManifest.xml:24:17-78
111-->[:firebase_messaging] AndroidManifest.xml:24:25-75
112            </intent-filter>
113        </service>
114
115        <receiver
115-->[:firebase_messaging] AndroidManifest.xml:28:9-35:20
116            android:name="io.flutter.plugins.firebase.messaging.FlutterFirebaseMessagingReceiver"
116-->[:firebase_messaging] AndroidManifest.xml:29:13-98
117            android:exported="true"
117-->[:firebase_messaging] AndroidManifest.xml:30:13-36
118            android:permission="com.google.android.c2dm.permission.SEND" >
118-->[:firebase_messaging] AndroidManifest.xml:31:13-73
119            <intent-filter>
119-->[:firebase_messaging] AndroidManifest.xml:32:13-34:29
120                <action android:name="com.google.android.c2dm.intent.RECEIVE" />
120-->[:firebase_messaging] AndroidManifest.xml:33:17-81
120-->[:firebase_messaging] AndroidManifest.xml:33:25-78
121            </intent-filter>
122        </receiver>
123
124        <provider
124-->[:firebase_messaging] AndroidManifest.xml:43:9-47:38
125            android:name="io.flutter.plugins.firebase.messaging.FlutterFirebaseMessagingInitProvider"
125-->[:firebase_messaging] AndroidManifest.xml:44:13-102
126            android:authorities="com.tapday.admin.flutterfirebasemessaginginitprovider"
126-->[:firebase_messaging] AndroidManifest.xml:45:13-88
127            android:exported="false"
127-->[:firebase_messaging] AndroidManifest.xml:46:13-37
128            android:initOrder="99" />
128-->[:firebase_messaging] AndroidManifest.xml:47:13-35
129
130        <activity android:name="com.amolg.flutterbarcodescanner.BarcodeCaptureActivity" />
130-->[:flutter_barcode_scanner] AndroidManifest.xml:18:9-91
130-->[:flutter_barcode_scanner] AndroidManifest.xml:18:19-88
131
132        <receiver
132-->[:flutter_local_notifications] AndroidManifest.xml:16:9-18:40
133            android:name="com.dexterous.flutterlocalnotifications.ScheduledNotificationReceiver"
133-->[:flutter_local_notifications] AndroidManifest.xml:17:13-97
134            android:exported="false" />
134-->[:flutter_local_notifications] AndroidManifest.xml:18:13-37
135        <receiver
135-->[:flutter_local_notifications] AndroidManifest.xml:19:9-28:20
136            android:name="com.dexterous.flutterlocalnotifications.ScheduledNotificationBootReceiver"
136-->[:flutter_local_notifications] AndroidManifest.xml:20:13-101
137            android:exported="false" >
137-->[:flutter_local_notifications] AndroidManifest.xml:21:13-37
138            <intent-filter>
138-->[:flutter_local_notifications] AndroidManifest.xml:22:13-27:29
139                <action android:name="android.intent.action.BOOT_COMPLETED" />
139-->[:flutter_local_notifications] AndroidManifest.xml:23:17-79
139-->[:flutter_local_notifications] AndroidManifest.xml:23:25-76
140                <action android:name="android.intent.action.MY_PACKAGE_REPLACED" />
140-->[:flutter_local_notifications] AndroidManifest.xml:24:17-84
140-->[:flutter_local_notifications] AndroidManifest.xml:24:25-81
141                <action android:name="android.intent.action.QUICKBOOT_POWERON" />
141-->[:flutter_local_notifications] AndroidManifest.xml:25:17-82
141-->[:flutter_local_notifications] AndroidManifest.xml:25:25-79
142                <action android:name="com.htc.intent.action.QUICKBOOT_POWERON" />
142-->[:flutter_local_notifications] AndroidManifest.xml:26:17-82
142-->[:flutter_local_notifications] AndroidManifest.xml:26:25-79
143            </intent-filter>
144        </receiver>
145
146        <activity
146-->[:url_launcher_android] AndroidManifest.xml:10:9-13:74
147            android:name="io.flutter.plugins.urllauncher.WebViewActivity"
147-->[:url_launcher_android] AndroidManifest.xml:11:13-74
148            android:exported="false"
148-->[:url_launcher_android] AndroidManifest.xml:12:13-37
149            android:theme="@android:style/Theme.NoTitleBar.Fullscreen" />
149-->[:url_launcher_android] AndroidManifest.xml:13:13-71
150        <!--
151           Declares a provider which allows us to store files to share in
152           '.../caches/share_plus' and grant the receiving action access
153        -->
154        <provider
154-->[:share_plus] AndroidManifest.xml:15:9-23:20
155            android:name="dev.fluttercommunity.plus.share.ShareFileProvider"
155-->[:share_plus] AndroidManifest.xml:16:13-77
156            android:authorities="com.tapday.admin.flutter.share_provider"
156-->[:share_plus] AndroidManifest.xml:17:13-74
157            android:exported="false"
157-->[:share_plus] AndroidManifest.xml:18:13-37
158            android:grantUriPermissions="true" >
158-->[:share_plus] AndroidManifest.xml:19:13-47
159            <meta-data
159-->[:share_plus] AndroidManifest.xml:20:13-22:68
160                android:name="android.support.FILE_PROVIDER_PATHS"
160-->[:share_plus] AndroidManifest.xml:21:17-67
161                android:resource="@xml/flutter_share_file_paths" />
161-->[:share_plus] AndroidManifest.xml:22:17-65
162        </provider>
163        <!--
164           This manifest declared broadcast receiver allows us to use an explicit
165           Intent when creating a PendingItent to be informed of the user's choice
166        -->
167        <receiver
167-->[:share_plus] AndroidManifest.xml:28:9-34:20
168            android:name="dev.fluttercommunity.plus.share.SharePlusPendingIntent"
168-->[:share_plus] AndroidManifest.xml:29:13-82
169            android:exported="false" >
169-->[:share_plus] AndroidManifest.xml:30:13-37
170            <intent-filter>
170-->[:share_plus] AndroidManifest.xml:31:13-33:29
171                <action android:name="EXTRA_CHOSEN_COMPONENT" />
171-->[:share_plus] AndroidManifest.xml:32:17-65
171-->[:share_plus] AndroidManifest.xml:32:25-62
172            </intent-filter>
173        </receiver>
174
175        <uses-library
175-->[androidx.window:window:1.0.0-beta04] AndroidManifest.xml:25:9-27:40
176            android:name="androidx.window.extensions"
176-->[androidx.window:window:1.0.0-beta04] AndroidManifest.xml:26:13-54
177            android:required="false" />
177-->[androidx.window:window:1.0.0-beta04] AndroidManifest.xml:27:13-37
178        <uses-library
178-->[androidx.window:window:1.0.0-beta04] AndroidManifest.xml:28:9-30:40
179            android:name="androidx.window.sidecar"
179-->[androidx.window:window:1.0.0-beta04] AndroidManifest.xml:29:13-51
180            android:required="false" />
180-->[androidx.window:window:1.0.0-beta04] AndroidManifest.xml:30:13-37
181
182        <receiver
182-->[com.google.firebase:firebase-messaging:23.1.2] AndroidManifest.xml:31:9-38:20
183            android:name="com.google.firebase.iid.FirebaseInstanceIdReceiver"
183-->[com.google.firebase:firebase-messaging:23.1.2] AndroidManifest.xml:32:13-78
184            android:exported="true"
184-->[com.google.firebase:firebase-messaging:23.1.2] AndroidManifest.xml:33:13-36
185            android:permission="com.google.android.c2dm.permission.SEND" >
185-->[com.google.firebase:firebase-messaging:23.1.2] AndroidManifest.xml:34:13-73
186            <intent-filter>
186-->[:firebase_messaging] AndroidManifest.xml:32:13-34:29
187                <action android:name="com.google.android.c2dm.intent.RECEIVE" />
187-->[:firebase_messaging] AndroidManifest.xml:33:17-81
187-->[:firebase_messaging] AndroidManifest.xml:33:25-78
188            </intent-filter>
189        </receiver>
190        <!--
191             FirebaseMessagingService performs security checks at runtime,
192             but set to not exported to explicitly avoid allowing another app to call it.
193        -->
194        <service
194-->[com.google.firebase:firebase-messaging:23.1.2] AndroidManifest.xml:44:9-51:19
195            android:name="com.google.firebase.messaging.FirebaseMessagingService"
195-->[com.google.firebase:firebase-messaging:23.1.2] AndroidManifest.xml:45:13-82
196            android:directBootAware="true"
196-->[com.google.firebase:firebase-messaging:23.1.2] AndroidManifest.xml:46:13-43
197            android:exported="false" >
197-->[com.google.firebase:firebase-messaging:23.1.2] AndroidManifest.xml:47:13-37
198            <intent-filter android:priority="-500" >
198-->[:firebase_messaging] AndroidManifest.xml:23:13-25:29
199                <action android:name="com.google.firebase.MESSAGING_EVENT" />
199-->[:firebase_messaging] AndroidManifest.xml:24:17-78
199-->[:firebase_messaging] AndroidManifest.xml:24:25-75
200            </intent-filter>
201        </service>
202
203        <provider
203-->[com.google.firebase:firebase-common:20.3.2] AndroidManifest.xml:25:9-30:39
204            android:name="com.google.firebase.provider.FirebaseInitProvider"
204-->[com.google.firebase:firebase-common:20.3.2] AndroidManifest.xml:26:13-77
205            android:authorities="com.tapday.admin.firebaseinitprovider"
205-->[com.google.firebase:firebase-common:20.3.2] AndroidManifest.xml:27:13-72
206            android:directBootAware="true"
206-->[com.google.firebase:firebase-common:20.3.2] AndroidManifest.xml:28:13-43
207            android:exported="false"
207-->[com.google.firebase:firebase-common:20.3.2] AndroidManifest.xml:29:13-37
208            android:initOrder="100" />
208-->[com.google.firebase:firebase-common:20.3.2] AndroidManifest.xml:30:13-36
209
210        <activity
210-->[com.google.android.gms:play-services-base:18.0.1] AndroidManifest.xml:20:9-22:45
211            android:name="com.google.android.gms.common.api.GoogleApiActivity"
211-->[com.google.android.gms:play-services-base:18.0.1] AndroidManifest.xml:20:19-85
212            android:exported="false"
212-->[com.google.android.gms:play-services-base:18.0.1] AndroidManifest.xml:22:19-43
213            android:theme="@android:style/Theme.Translucent.NoTitleBar" />
213-->[com.google.android.gms:play-services-base:18.0.1] AndroidManifest.xml:21:19-78
214
215        <receiver
215-->[com.google.android.gms:play-services-measurement:21.2.2] AndroidManifest.xml:29:9-33:20
216            android:name="com.google.android.gms.measurement.AppMeasurementReceiver"
216-->[com.google.android.gms:play-services-measurement:21.2.2] AndroidManifest.xml:30:13-85
217            android:enabled="true"
217-->[com.google.android.gms:play-services-measurement:21.2.2] AndroidManifest.xml:31:13-35
218            android:exported="false" >
218-->[com.google.android.gms:play-services-measurement:21.2.2] AndroidManifest.xml:32:13-37
219        </receiver>
220
221        <service
221-->[com.google.android.gms:play-services-measurement:21.2.2] AndroidManifest.xml:35:9-38:40
222            android:name="com.google.android.gms.measurement.AppMeasurementService"
222-->[com.google.android.gms:play-services-measurement:21.2.2] AndroidManifest.xml:36:13-84
223            android:enabled="true"
223-->[com.google.android.gms:play-services-measurement:21.2.2] AndroidManifest.xml:37:13-35
224            android:exported="false" />
224-->[com.google.android.gms:play-services-measurement:21.2.2] AndroidManifest.xml:38:13-37
225        <service
225-->[com.google.android.gms:play-services-measurement:21.2.2] AndroidManifest.xml:39:9-43:72
226            android:name="com.google.android.gms.measurement.AppMeasurementJobService"
226-->[com.google.android.gms:play-services-measurement:21.2.2] AndroidManifest.xml:40:13-87
227            android:enabled="true"
227-->[com.google.android.gms:play-services-measurement:21.2.2] AndroidManifest.xml:41:13-35
228            android:exported="false"
228-->[com.google.android.gms:play-services-measurement:21.2.2] AndroidManifest.xml:42:13-37
229            android:permission="android.permission.BIND_JOB_SERVICE" />
229-->[com.google.android.gms:play-services-measurement:21.2.2] AndroidManifest.xml:43:13-69
230
231        <meta-data
231-->[com.google.android.gms:play-services-basement:18.1.0] AndroidManifest.xml:21:9-23:69
232            android:name="com.google.android.gms.version"
232-->[com.google.android.gms:play-services-basement:18.1.0] AndroidManifest.xml:22:13-58
233            android:value="@integer/google_play_services_version" />
233-->[com.google.android.gms:play-services-basement:18.1.0] AndroidManifest.xml:23:13-66
234
235        <service
235-->[com.google.android.datatransport:transport-backend-cct:3.1.8] AndroidManifest.xml:28:9-34:19
236            android:name="com.google.android.datatransport.runtime.backends.TransportBackendDiscovery"
236-->[com.google.android.datatransport:transport-backend-cct:3.1.8] AndroidManifest.xml:29:13-103
237            android:exported="false" >
237-->[com.google.android.datatransport:transport-backend-cct:3.1.8] AndroidManifest.xml:30:13-37
238            <meta-data
238-->[com.google.android.datatransport:transport-backend-cct:3.1.8] AndroidManifest.xml:31:13-33:39
239                android:name="backend:com.google.android.datatransport.cct.CctBackendFactory"
239-->[com.google.android.datatransport:transport-backend-cct:3.1.8] AndroidManifest.xml:32:17-94
240                android:value="cct" />
240-->[com.google.android.datatransport:transport-backend-cct:3.1.8] AndroidManifest.xml:33:17-36
241        </service>
242        <service
242-->[com.google.android.datatransport:transport-runtime:3.1.8] AndroidManifest.xml:26:9-30:19
243            android:name="com.google.android.datatransport.runtime.scheduling.jobscheduling.JobInfoSchedulerService"
243-->[com.google.android.datatransport:transport-runtime:3.1.8] AndroidManifest.xml:27:13-117
244            android:exported="false"
244-->[com.google.android.datatransport:transport-runtime:3.1.8] AndroidManifest.xml:28:13-37
245            android:permission="android.permission.BIND_JOB_SERVICE" >
245-->[com.google.android.datatransport:transport-runtime:3.1.8] AndroidManifest.xml:29:13-69
246        </service>
247
248        <receiver
248-->[com.google.android.datatransport:transport-runtime:3.1.8] AndroidManifest.xml:32:9-34:40
249            android:name="com.google.android.datatransport.runtime.scheduling.jobscheduling.AlarmManagerSchedulerBroadcastReceiver"
249-->[com.google.android.datatransport:transport-runtime:3.1.8] AndroidManifest.xml:33:13-132
250            android:exported="false" /> <!-- The activities will be merged into the manifest of the hosting app. -->
250-->[com.google.android.datatransport:transport-runtime:3.1.8] AndroidManifest.xml:34:13-37
251        <activity
251-->[com.google.android.play:core-common:2.0.2] AndroidManifest.xml:14:9-18:65
252            android:name="com.google.android.play.core.common.PlayCoreDialogWrapperActivity"
252-->[com.google.android.play:core-common:2.0.2] AndroidManifest.xml:15:13-93
253            android:exported="false"
253-->[com.google.android.play:core-common:2.0.2] AndroidManifest.xml:16:13-37
254            android:stateNotNeeded="true"
254-->[com.google.android.play:core-common:2.0.2] AndroidManifest.xml:17:13-42
255            android:theme="@style/Theme.PlayCore.Transparent" />
255-->[com.google.android.play:core-common:2.0.2] AndroidManifest.xml:18:13-62
256    </application>
257
258</manifest>